<?xml version="1.0" encoding="UTF-8"?>
<testng-results ignored="0" total="1" passed="1" failed="0" skipped="0">
  <reporter-output>
  </reporter-output>
  <suite started-at="2023-04-05T15:49:41 IST" name="Default suite" finished-at="2023-04-05T15:50:00 IST" duration-ms="19289">
    <groups>
    </groups>
    <test started-at="2023-04-05T15:49:41 IST" name="Default test" finished-at="2023-04-05T15:50:00 IST" duration-ms="19289">
      <class name="selenium4.selenium4.Selenium4Features">
        <test-method signature="screenshotTest()[pri:0, instance:selenium4.selenium4.Selenium4Features@7133da86]" started-at="2023-04-05T15:49:41 IST" name="screenshotTest" finished-at="2023-04-05T15:50:00 IST" duration-ms="19248" status="PASS">
          <reporter-output>
          </reporter-output>
        </test-method> <!-- screenshotTest -->
      </class> <!-- selenium4.selenium4.Selenium4Features -->
    </test> <!-- Default test -->
  </suite> <!-- Default suite -->
</testng-results>
